# JRE version: OpenJDK Runtime Environment Temurin-21.0.8+9 (21.0.8+9) (build 21.0.8+9-LTS)
# Java VM: OpenJDK 64-Bit Server VM Temurin-21.0.8+9 (21.0.8+9-LTS, mixed mode, sharing, tiered, compressed oops, compressed class ptrs, g1 gc, windows-amd64)
GC Precious Log:
 CardTable entry size: 512
 Card Set container configuration: InlinePtr #cards 4 size 8 Array Of Cards #cards 16 size 48 Howl #buckets 8 coarsen threshold 3686 Howl Bitmap #cards 512 size 80 coarsen threshold 460 Card regions per heap region 1 cards per card region 4096
 CPUs: 4 total, 4 available
 Memory: 16263M
 Large Page Support: Disabled
 NUMA Support: Disabled
 Compressed Oops: Enabled (Zero based)
 Heap Region Size: 2M
 Heap Min Capacity: 8M
 Heap Initial Capacity: 256M
 Heap Max Capacity: 4066M
 Pre-touch: Disabled
 Parallel Workers: 4
 Concurrent Workers: 1
 Concurrent Refinement Workers: 4
 Periodic GC: Disabled
Heap:
 garbage-first heap   total 14336K, used 2985K [0x0000000701e00000, 0x0000000800000000)
  region size 2048K, 1 young (2048K), 0 survivors (0K)
 Metaspace       used 5032K, committed 5312K, reserved 1114112K
  class space    used 558K, committed 704K, reserved 1048576K
GC Heap History (20 events):
Event: 17785.781 GC heap before
{Heap before GC invocations=1035 (full 1033):
 garbage-first heap   total 14336K, used 2985K [0x0000000701e00000, 0x0000000800000000)
  region size 2048K, 1 young (2048K), 0 survivors (0K)
 Metaspace       used 4997K, committed 5248K, reserved 1114112K
  class space    used 554K, committed 704K, reserved 1048576K
}
Event: 17785.801 GC heap after
{Heap after GC invocations=1036 (full 1034):
 garbage-first heap   total 14336K, used 2985K [0x0000000701e00000, 0x0000000800000000)
  region size 2048K, 0 young (0K), 0 survivors (0K)
 Metaspace       used 4997K, committed 5248K, reserved 1114112K
  class space    used 554K, committed 704K, reserved 1048576K
}
Event: 17796.045 GC heap before
{Heap before GC invocations=1036 (full 1034):
 garbage-first heap   total 14336K, used 2985K [0x0000000701e00000, 0x0000000800000000)
  region size 2048K, 1 young (2048K), 0 survivors (0K)
 Metaspace       used 4997K, committed 5248K, reserved 1114112K
  class space    used 554K, committed 704K, reserved 1048576K
}
Event: 17796.069 GC heap after
{Heap after GC invocations=1037 (full 1035):
 garbage-first heap   total 14336K, used 2985K [0x0000000701e00000, 0x0000000800000000)
  region size 2048K, 0 young (0K), 0 survivors (0K)
 Metaspace       used 4997K, committed 5248K, reserved 1114112K
  class space    used 554K, committed 704K, reserved 1048576K
}
Event: 17806.331 GC heap before
{Heap before GC invocations=1037 (full 1035):
 garbage-first heap   total 14336K, used 2985K [0x0000000701e00000, 0x0000000800000000)
  region size 2048K, 1 young (2048K), 0 survivors (0K)
 Metaspace       used 4997K, committed 5248K, reserved 1114112K
  class space    used 554K, committed 704K, reserved 1048576K
}
Event: 17806.354 GC heap after
{Heap after GC invocations=1038 (full 1036):
 garbage-first heap   total 14336K, used 2985K [0x0000000701e00000, 0x0000000800000000)
  region size 2048K, 0 young (0K), 0 survivors (0K)
 Metaspace       used 4997K, committed 5248K, reserved 1114112K
  class space    used 554K, committed 704K, reserved 1048576K
}
Event: 17818.242 GC heap before
{Heap before GC invocations=1038 (full 1036):
 garbage-first heap   total 14336K, used 2985K [0x0000000701e00000, 0x0000000800000000)
  region size 2048K, 1 young (2048K), 0 survivors (0K)
 Metaspace       used 4997K, committed 5248K, reserved 1114112K
  class space    used 554K, committed 704K, reserved 1048576K
}
Event: 17818.274 GC heap after
{Heap after GC invocations=1039 (full 1037):
 garbage-first heap   total 14336K, used 2985K [0x0000000701e00000, 0x0000000800000000)
  region size 2048K, 0 young (0K), 0 survivors (0K)
 Metaspace       used 4997K, committed 5248K, reserved 1114112K
  class space    used 554K, committed 704K, reserved 1048576K
}
Event: 17828.764 GC heap before
{Heap before GC invocations=1039 (full 1037):
 garbage-first heap   total 14336K, used 2985K [0x0000000701e00000, 0x0000000800000000)
  region size 2048K, 1 young (2048K), 0 survivors (0K)
 Metaspace       used 4997K, committed 5248K, reserved 1114112K
  class space    used 554K, committed 704K, reserved 1048576K
}
Event: 17828.789 GC heap after
{Heap after GC invocations=1040 (full 1038):
 garbage-first heap   total 14336K, used 2985K [0x0000000701e00000, 0x0000000800000000)
  region size 2048K, 0 young (0K), 0 survivors (0K)
 Metaspace       used 4997K, committed 5248K, reserved 1114112K
  class space    used 554K, committed 704K, reserved 1048576K
}
Event: 17839.270 GC heap before
{Heap before GC invocations=1040 (full 1038):
 garbage-first heap   total 14336K, used 2985K [0x0000000701e00000, 0x0000000800000000)
  region size 2048K, 1 young (2048K), 0 survivors (0K)
 Metaspace       used 4997K, committed 5248K, reserved 1114112K
  class space    used 554K, committed 704K, reserved 1048576K
}
Event: 17839.302 GC heap after
{Heap after GC invocations=1041 (full 1039):
 garbage-first heap   total 14336K, used 2985K [0x0000000701e00000, 0x0000000800000000)
  region size 2048K, 0 young (0K), 0 survivors (0K)
 Metaspace       used 4997K, committed 5248K, reserved 1114112K
  class space    used 554K, committed 704K, reserved 1048576K
}
Event: 17849.590 GC heap before
{Heap before GC invocations=1041 (full 1039):
 garbage-first heap   total 14336K, used 2985K [0x0000000701e00000, 0x0000000800000000)
  region size 2048K, 1 young (2048K), 0 survivors (0K)
 Metaspace       used 4997K, committed 5248K, reserved 1114112K
  class space    used 554K, committed 704K, reserved 1048576K
}
Event: 17849.621 GC heap after
{Heap after GC invocations=1042 (full 1040):
 garbage-first heap   total 14336K, used 2985K [0x0000000701e00000, 0x0000000800000000)
  region size 2048K, 0 young (0K), 0 survivors (0K)
 Metaspace       used 4997K, committed 5248K, reserved 1114112K
  class space    used 554K, committed 704K, reserved 1048576K
}
Event: 17859.933 GC heap before
{Heap before GC invocations=1042 (full 1040):
 garbage-first heap   total 14336K, used 2985K [0x0000000701e00000, 0x0000000800000000)
  region size 2048K, 1 young (2048K), 0 survivors (0K)
 Metaspace       used 4997K, committed 5248K, reserved 1114112K
  class space    used 554K, committed 704K, reserved 1048576K
}
Event: 17859.962 GC heap after
{Heap after GC invocations=1043 (full 1041):
 garbage-first heap   total 14336K, used 2985K [0x0000000701e00000, 0x0000000800000000)
  region size 2048K, 0 young (0K), 0 survivors (0K)
 Metaspace       used 4997K, committed 5248K, reserved 1114112K
  class space    used 554K, committed 704K, reserved 1048576K
}
Event: 17870.480 GC heap before
{Heap before GC invocations=1043 (full 1041):
 garbage-first heap   total 14336K, used 2985K [0x0000000701e00000, 0x0000000800000000)
  region size 2048K, 1 young (2048K), 0 survivors (0K)
 Metaspace       used 4997K, committed 5248K, reserved 1114112K
  class space    used 554K, committed 704K, reserved 1048576K
}
Event: 17870.508 GC heap after
{Heap after GC invocations=1044 (full 1042):
 garbage-first heap   total 14336K, used 2985K [0x0000000701e00000, 0x0000000800000000)
  region size 2048K, 0 young (0K), 0 survivors (0K)
 Metaspace       used 4997K, committed 5248K, reserved 1114112K
  class space    used 554K, committed 704K, reserved 1048576K
}
Event: 17880.814 GC heap before
{Heap before GC invocations=1044 (full 1042):
 garbage-first heap   total 14336K, used 2985K [0x0000000701e00000, 0x0000000800000000)
  region size 2048K, 1 young (2048K), 0 survivors (0K)
 Metaspace       used 4997K, committed 5248K, reserved 1114112K
  class space    used 554K, committed 704K, reserved 1048576K
}
Event: 17880.836 GC heap after
{Heap after GC invocations=1045 (full 1043):
 garbage-first heap   total 14336K, used 2985K [0x0000000701e00000, 0x0000000800000000)
  region size 2048K, 0 young (0K), 0 survivors (0K)
 Metaspace       used 4997K, committed 5248K, reserved 1114112K
  class space    used 554K, committed 704K, reserved 1048576K
}

