# JRE version: OpenJDK Runtime Environment Temurin-21.0.8+9 (21.0.8+9) (build 21.0.8+9-LTS)
# Java VM: OpenJDK 64-Bit Server VM Temurin-21.0.8+9 (21.0.8+9-LTS, mixed mode, sharing, tiered, compressed oops, compressed class ptrs, g1 gc, windows-amd64)
GC Precious Log:
 CardTable entry size: 512
 Card Set container configuration: InlinePtr #cards 4 size 8 Array Of Cards #cards 16 size 48 Howl #buckets 8 coarsen threshold 3686 Howl Bitmap #cards 512 size 80 coarsen threshold 460 Card regions per heap region 1 cards per card region 4096
 CPUs: 4 total, 4 available
 Memory: 16263M
 Large Page Support: Disabled
 NUMA Support: Disabled
 Compressed Oops: Enabled (Zero based)
 Heap Region Size: 2M
 Heap Min Capacity: 8M
 Heap Initial Capacity: 256M
 Heap Max Capacity: 4066M
 Pre-touch: Disabled
 Parallel Workers: 4
 Concurrent Workers: 1
 Concurrent Refinement Workers: 4
 Periodic GC: Disabled
Heap:
 garbage-first heap   total 14336K, used 3156K [0x0000000701e00000, 0x0000000800000000)
  region size 2048K, 1 young (2048K), 0 survivors (0K)
 Metaspace       used 5433K, committed 5696K, reserved 1114112K
  class space    used 627K, committed 768K, reserved 1048576K
GC Heap History (20 events):
Event: 17914.509 GC heap after
{Heap after GC invocations=1059 (full 1058):
 garbage-first heap   total 14336K, used 3156K [0x0000000701e00000, 0x0000000800000000)
  region size 2048K, 0 young (0K), 0 survivors (0K)
 Metaspace       used 5433K, committed 5696K, reserved 1114112K
  class space    used 627K, committed 768K, reserved 1048576K
}
Event: 17924.995 GC heap before
{Heap before GC invocations=1059 (full 1058):
 garbage-first heap   total 14336K, used 3156K [0x0000000701e00000, 0x0000000800000000)
  region size 2048K, 1 young (2048K), 0 survivors (0K)
 Metaspace       used 5433K, committed 5696K, reserved 1114112K
  class space    used 627K, committed 768K, reserved 1048576K
}
Event: 17925.023 GC heap after
{Heap after GC invocations=1060 (full 1059):
 garbage-first heap   total 14336K, used 3156K [0x0000000701e00000, 0x0000000800000000)
  region size 2048K, 0 young (0K), 0 survivors (0K)
 Metaspace       used 5433K, committed 5696K, reserved 1114112K
  class space    used 627K, committed 768K, reserved 1048576K
}
Event: 17935.549 GC heap before
{Heap before GC invocations=1060 (full 1059):
 garbage-first heap   total 14336K, used 3156K [0x0000000701e00000, 0x0000000800000000)
  region size 2048K, 1 young (2048K), 0 survivors (0K)
 Metaspace       used 5433K, committed 5696K, reserved 1114112K
  class space    used 627K, committed 768K, reserved 1048576K
}
Event: 17935.579 GC heap after
{Heap after GC invocations=1061 (full 1060):
 garbage-first heap   total 14336K, used 3156K [0x0000000701e00000, 0x0000000800000000)
  region size 2048K, 0 young (0K), 0 survivors (0K)
 Metaspace       used 5433K, committed 5696K, reserved 1114112K
  class space    used 627K, committed 768K, reserved 1048576K
}
Event: 17946.092 GC heap before
{Heap before GC invocations=1061 (full 1060):
 garbage-first heap   total 14336K, used 3156K [0x0000000701e00000, 0x0000000800000000)
  region size 2048K, 1 young (2048K), 0 survivors (0K)
 Metaspace       used 5433K, committed 5696K, reserved 1114112K
  class space    used 627K, committed 768K, reserved 1048576K
}
Event: 17946.125 GC heap after
{Heap after GC invocations=1062 (full 1061):
 garbage-first heap   total 14336K, used 3156K [0x0000000701e00000, 0x0000000800000000)
  region size 2048K, 0 young (0K), 0 survivors (0K)
 Metaspace       used 5433K, committed 5696K, reserved 1114112K
  class space    used 627K, committed 768K, reserved 1048576K
}
Event: 17957.470 GC heap before
{Heap before GC invocations=1062 (full 1061):
 garbage-first heap   total 14336K, used 3156K [0x0000000701e00000, 0x0000000800000000)
  region size 2048K, 1 young (2048K), 0 survivors (0K)
 Metaspace       used 5433K, committed 5696K, reserved 1114112K
  class space    used 627K, committed 768K, reserved 1048576K
}
Event: 17957.497 GC heap after
{Heap after GC invocations=1063 (full 1062):
 garbage-first heap   total 14336K, used 3156K [0x0000000701e00000, 0x0000000800000000)
  region size 2048K, 0 young (0K), 0 survivors (0K)
 Metaspace       used 5433K, committed 5696K, reserved 1114112K
  class space    used 627K, committed 768K, reserved 1048576K
}
Event: 17968.052 GC heap before
{Heap before GC invocations=1063 (full 1062):
 garbage-first heap   total 14336K, used 3156K [0x0000000701e00000, 0x0000000800000000)
  region size 2048K, 1 young (2048K), 0 survivors (0K)
 Metaspace       used 5433K, committed 5696K, reserved 1114112K
  class space    used 627K, committed 768K, reserved 1048576K
}
Event: 17968.085 GC heap after
{Heap after GC invocations=1064 (full 1063):
 garbage-first heap   total 14336K, used 3156K [0x0000000701e00000, 0x0000000800000000)
  region size 2048K, 0 young (0K), 0 survivors (0K)
 Metaspace       used 5433K, committed 5696K, reserved 1114112K
  class space    used 627K, committed 768K, reserved 1048576K
}
Event: 17978.864 GC heap before
{Heap before GC invocations=1064 (full 1063):
 garbage-first heap   total 14336K, used 3156K [0x0000000701e00000, 0x0000000800000000)
  region size 2048K, 1 young (2048K), 0 survivors (0K)
 Metaspace       used 5433K, committed 5696K, reserved 1114112K
  class space    used 627K, committed 768K, reserved 1048576K
}
Event: 17978.897 GC heap after
{Heap after GC invocations=1065 (full 1064):
 garbage-first heap   total 14336K, used 3156K [0x0000000701e00000, 0x0000000800000000)
  region size 2048K, 0 young (0K), 0 survivors (0K)
 Metaspace       used 5433K, committed 5696K, reserved 1114112K
  class space    used 627K, committed 768K, reserved 1048576K
}
Event: 17989.447 GC heap before
{Heap before GC invocations=1065 (full 1064):
 garbage-first heap   total 14336K, used 3156K [0x0000000701e00000, 0x0000000800000000)
  region size 2048K, 1 young (2048K), 0 survivors (0K)
 Metaspace       used 5433K, committed 5696K, reserved 1114112K
  class space    used 627K, committed 768K, reserved 1048576K
}
Event: 17989.475 GC heap after
{Heap after GC invocations=1066 (full 1065):
 garbage-first heap   total 14336K, used 3156K [0x0000000701e00000, 0x0000000800000000)
  region size 2048K, 0 young (0K), 0 survivors (0K)
 Metaspace       used 5433K, committed 5696K, reserved 1114112K
  class space    used 627K, committed 768K, reserved 1048576K
}
Event: 18000.009 GC heap before
{Heap before GC invocations=1066 (full 1065):
 garbage-first heap   total 14336K, used 3156K [0x0000000701e00000, 0x0000000800000000)
  region size 2048K, 1 young (2048K), 0 survivors (0K)
 Metaspace       used 5433K, committed 5696K, reserved 1114112K
  class space    used 627K, committed 768K, reserved 1048576K
}
Event: 18000.041 GC heap after
{Heap after GC invocations=1067 (full 1066):
 garbage-first heap   total 14336K, used 3156K [0x0000000701e00000, 0x0000000800000000)
  region size 2048K, 0 young (0K), 0 survivors (0K)
 Metaspace       used 5433K, committed 5696K, reserved 1114112K
  class space    used 627K, committed 768K, reserved 1048576K
}
Event: 18010.521 GC heap before
{Heap before GC invocations=1067 (full 1066):
 garbage-first heap   total 14336K, used 3156K [0x0000000701e00000, 0x0000000800000000)
  region size 2048K, 1 young (2048K), 0 survivors (0K)
 Metaspace       used 5433K, committed 5696K, reserved 1114112K
  class space    used 627K, committed 768K, reserved 1048576K
}
Event: 18010.553 GC heap after
{Heap after GC invocations=1068 (full 1067):
 garbage-first heap   total 14336K, used 3156K [0x0000000701e00000, 0x0000000800000000)
  region size 2048K, 0 young (0K), 0 survivors (0K)
 Metaspace       used 5433K, committed 5696K, reserved 1114112K
  class space    used 627K, committed 768K, reserved 1048576K
}
Event: 18020.643 GC heap before
{Heap before GC invocations=1068 (full 1067):
 garbage-first heap   total 14336K, used 3156K [0x0000000701e00000, 0x0000000800000000)
  region size 2048K, 1 young (2048K), 0 survivors (0K)
 Metaspace       used 5433K, committed 5696K, reserved 1114112K
  class space    used 627K, committed 768K, reserved 1048576K
}

